# JRE version: OpenJDK Runtime Environment (8.0_112-b06) (build 1.8.0_112-release-b06)
# Java VM: OpenJDK 64-Bit Server VM (25.112-b06 mixed mode windows-amd64 compressed oops)
Heap:
 PSYoungGen      total 53248K, used 33378K [0x00000000e0000000, 0x00000000e3d00000, 0x0000000100000000)
  eden space 44032K, 65% used [0x00000000e0000000,0x00000000e1c54c00,0x00000000e2b00000)
  from space 9216K, 47% used [0x00000000e3400000,0x00000000e3843d90,0x00000000e3d00000)
  to   space 9216K, 0% used [0x00000000e2b00000,0x00000000e2b00000,0x00000000e3400000)
 ParOldGen       total 65024K, used 16348K [0x00000000a0000000, 0x00000000a3f80000, 0x00000000e0000000)
  object space 65024K, 25% used [0x00000000a0000000,0x00000000a0ff7390,0x00000000a3f80000)
 Metaspace       used 38690K, capacity 39462K, committed 39808K, reserved 1083392K
  class space    used 5199K, capacity 5419K, committed 5504K, reserved 1048576K
GC Heap History (10 events):
Event: 111.321 GC heap before
{Heap before GC invocations=10 (full 1):
 PSYoungGen      total 39424K, used 37012K [0x00000000e0000000, 0x00000000e3080000, 0x0000000100000000)
  eden space 31232K, 100% used [0x00000000e0000000,0x00000000e1e80000,0x00000000e1e80000)
  from space 8192K, 70% used [0x00000000e2880000,0x00000000e2e25030,0x00000000e3080000)
  to   space 9216K, 0% used [0x00000000e1e80000,0x00000000e1e80000,0x00000000e2780000)
 ParOldGen       total 46080K, used 8393K [0x00000000a0000000, 0x00000000a2d00000, 0x00000000e0000000)
  object space 46080K, 18% used [0x00000000a0000000,0x00000000a0832400,0x00000000a2d00000)
 Metaspace       used 32957K, capacity 33624K, committed 33920K, reserved 1079296K
  class space    used 4461K, capacity 4659K, committed 4736K, reserved 1048576K
Event: 111.345 GC heap after
Heap after GC invocations=10 (full 1):
 PSYoungGen      total 37376K, used 6198K [0x00000000e0000000, 0x00000000e3000000, 0x0000000100000000)
  eden space 30720K, 0% used [0x00000000e0000000,0x00000000e0000000,0x00000000e1e00000)
  from space 6656K, 93% used [0x00000000e1e80000,0x00000000e248d9a8,0x00000000e2500000)
  to   space 9216K, 0% used [0x00000000e2700000,0x00000000e2700000,0x00000000e3000000)
 ParOldGen       total 46080K, used 11377K [0x00000000a0000000, 0x00000000a2d00000, 0x00000000e0000000)
  object space 46080K, 24% used [0x00000000a0000000,0x00000000a0b1c790,0x00000000a2d00000)
 Metaspace       used 32957K, capacity 33624K, committed 33920K, reserved 1079296K
  class space    used 4461K, capacity 4659K, committed 4736K, reserved 1048576K
}
Event: 111.813 GC heap before
{Heap before GC invocations=11 (full 1):
 PSYoungGen      total 37376K, used 19953K [0x00000000e0000000, 0x00000000e3000000, 0x0000000100000000)
  eden space 30720K, 44% used [0x00000000e0000000,0x00000000e0d6ea68,0x00000000e1e00000)
  from space 6656K, 93% used [0x00000000e1e80000,0x00000000e248d9a8,0x00000000e2500000)
  to   space 9216K, 0% used [0x00000000e2700000,0x00000000e2700000,0x00000000e3000000)
 ParOldGen       total 46080K, used 11377K [0x00000000a0000000, 0x00000000a2d00000, 0x00000000e0000000)
  object space 46080K, 24% used [0x00000000a0000000,0x00000000a0b1c790,0x00000000a2d00000)
 Metaspace       used 34604K, capacity 35300K, committed 35456K, reserved 1079296K
  class space    used 4673K, capacity 4899K, committed 4992K, reserved 1048576K
Event: 111.822 GC heap after
Heap after GC invocations=11 (full 1):
 PSYoungGen      total 38912K, used 3630K [0x00000000e0000000, 0x00000000e2f80000, 0x0000000100000000)
  eden space 30208K, 0% used [0x00000000e0000000,0x00000000e0000000,0x00000000e1d80000)
  from space 8704K, 41% used [0x00000000e2700000,0x00000000e2a8b900,0x00000000e2f80000)
  to   space 9216K, 0% used [0x00000000e1d80000,0x00000000e1d80000,0x00000000e2680000)
 ParOldGen       total 46080K, used 13641K [0x00000000a0000000, 0x00000000a2d00000, 0x00000000e0000000)
  object space 46080K, 29% used [0x00000000a0000000,0x00000000a0d527b0,0x00000000a2d00000)
 Metaspace       used 34604K, capacity 35300K, committed 35456K, reserved 1079296K
  class space    used 4673K, capacity 4899K, committed 4992K, reserved 1048576K
}
Event: 111.822 GC heap before
{Heap before GC invocations=12 (full 2):
 PSYoungGen      total 38912K, used 3630K [0x00000000e0000000, 0x00000000e2f80000, 0x0000000100000000)
  eden space 30208K, 0% used [0x00000000e0000000,0x00000000e0000000,0x00000000e1d80000)
  from space 8704K, 41% used [0x00000000e2700000,0x00000000e2a8b900,0x00000000e2f80000)
  to   space 9216K, 0% used [0x00000000e1d80000,0x00000000e1d80000,0x00000000e2680000)
 ParOldGen       total 46080K, used 13641K [0x00000000a0000000, 0x00000000a2d00000, 0x00000000e0000000)
  object space 46080K, 29% used [0x00000000a0000000,0x00000000a0d527b0,0x00000000a2d00000)
 Metaspace       used 34604K, capacity 35300K, committed 35456K, reserved 1079296K
  class space    used 4673K, capacity 4899K, committed 4992K, reserved 1048576K
Event: 111.995 GC heap after
Heap after GC invocations=12 (full 2):
 PSYoungGen      total 38912K, used 0K [0x00000000e0000000, 0x00000000e2f80000, 0x0000000100000000)
  eden space 30208K, 0% used [0x00000000e0000000,0x00000000e0000000,0x00000000e1d80000)
  from space 8704K, 0% used [0x00000000e2700000,0x00000000e2700000,0x00000000e2f80000)
  to   space 9216K, 0% used [0x00000000e1d80000,0x00000000e1d80000,0x00000000e2680000)
 ParOldGen       total 65024K, used 15028K [0x00000000a0000000, 0x00000000a3f80000, 0x00000000e0000000)
  object space 65024K, 23% used [0x00000000a0000000,0x00000000a0ead390,0x00000000a3f80000)
 Metaspace       used 34604K, capacity 35300K, committed 35456K, reserved 1079296K
  class space    used 4673K, capacity 4899K, committed 4992K, reserved 1048576K
}
Event: 113.063 GC heap before
{Heap before GC invocations=13 (full 2):
 PSYoungGen      total 38912K, used 30208K [0x00000000e0000000, 0x00000000e2f80000, 0x0000000100000000)
  eden space 30208K, 100% used [0x00000000e0000000,0x00000000e1d80000,0x00000000e1d80000)
  from space 8704K, 0% used [0x00000000e2700000,0x00000000e2700000,0x00000000e2f80000)
  to   space 9216K, 0% used [0x00000000e1d80000,0x00000000e1d80000,0x00000000e2680000)
 ParOldGen       total 65024K, used 15028K [0x00000000a0000000, 0x00000000a3f80000, 0x00000000e0000000)
  object space 65024K, 23% used [0x00000000a0000000,0x00000000a0ead390,0x00000000a3f80000)
 Metaspace       used 35169K, capacity 35918K, committed 36224K, reserved 1081344K
  class space    used 4720K, capacity 4936K, committed 4992K, reserved 1048576K
Event: 113.087 GC heap after
Heap after GC invocations=13 (full 2):
 PSYoungGen      total 39424K, used 1598K [0x00000000e0000000, 0x00000000e3d80000, 0x0000000100000000)
  eden space 30208K, 0% used [0x00000000e0000000,0x00000000e0000000,0x00000000e1d80000)
  from space 9216K, 17% used [0x00000000e1d80000,0x00000000e1f0f848,0x00000000e2680000)
  to   space 9728K, 0% used [0x00000000e3400000,0x00000000e3400000,0x00000000e3d80000)
 ParOldGen       total 65024K, used 15036K [0x00000000a0000000, 0x00000000a3f80000, 0x00000000e0000000)
  object space 65024K, 23% used [0x00000000a0000000,0x00000000a0eaf390,0x00000000a3f80000)
 Metaspace       used 35169K, capacity 35918K, committed 36224K, reserved 1081344K
  class space    used 4720K, capacity 4936K, committed 4992K, reserved 1048576K
}
Event: 114.109 GC heap before
{Heap before GC invocations=14 (full 2):
 PSYoungGen      total 39424K, used 31806K [0x00000000e0000000, 0x00000000e3d80000, 0x0000000100000000)
  eden space 30208K, 100% used [0x00000000e0000000,0x00000000e1d80000,0x00000000e1d80000)
  from space 9216K, 17% used [0x00000000e1d80000,0x00000000e1f0f848,0x00000000e2680000)
  to   space 9728K, 0% used [0x00000000e3400000,0x00000000e3400000,0x00000000e3d80000)
 ParOldGen       total 65024K, used 15036K [0x00000000a0000000, 0x00000000a3f80000, 0x00000000e0000000)
  object space 65024K, 23% used [0x00000000a0000000,0x00000000a0eaf390,0x00000000a3f80000)
 Metaspace       used 37690K, capacity 38562K, committed 38912K, reserved 1083392K
  class space    used 5027K, capacity 5272K, committed 5376K, reserved 1048576K
Event: 114.126 GC heap after
Heap after GC invocations=14 (full 2):
 PSYoungGen      total 53248K, used 4367K [0x00000000e0000000, 0x00000000e3d00000, 0x0000000100000000)
  eden space 44032K, 0% used [0x00000000e0000000,0x00000000e0000000,0x00000000e2b00000)
  from space 9216K, 47% used [0x00000000e3400000,0x00000000e3843d90,0x00000000e3d00000)
  to   space 9216K, 0% used [0x00000000e2b00000,0x00000000e2b00000,0x00000000e3400000)
 ParOldGen       total 65024K, used 16348K [0x00000000a0000000, 0x00000000a3f80000, 0x00000000e0000000)
  object space 65024K, 25% used [0x00000000a0000000,0x00000000a0ff7390,0x00000000a3f80000)
 Metaspace       used 37690K, capacity 38562K, committed 38912K, reserved 1083392K
  class space    used 5027K, capacity 5272K, committed 5376K, reserved 1048576K
}

